<?xml version="1.0" encoding="UTF-8"?><testsuite failures="0" name="cucumber.runtime.formatter.JUnitFormatter" skipped="0" tests="1" time="15.990169">
<testcase classname="Free CRM Login Feature" name="Free CRM creates a new deal scenario" time="15.990169">
<system-out><![CDATA[Given User is present on the login page.....................................passed
When title of login page is free crm........................................passed
Then user enters username and password......................................passed
Then user clicks on login button............................................passed
Then user is on home page...................................................passed
Then user moves to new deal page............................................passed
Then user enters deal details...............................................passed
Then close the browser......................................................passed
]]></system-out>
</testcase>
</testsuite>
